# JRE version: OpenJDK Runtime Environment Temurin-17.0.3+7 (17.0.3+7) (build 17.0.3+7)
# Java VM: OpenJDK 64-Bit Server VM Temurin-17.0.3+7 (17.0.3+7, mixed mode, tiered, compressed oops, compressed class ptrs, g1 gc, windows-amd64)
GC Precious Log:
 CPUs: 8 total, 8 available
 Memory: 16110M
 Large Page Support: Disabled
 NUMA Support: Disabled
 Compressed Oops: Enabled (Zero based)
 Heap Region Size: 2M
 Heap Min Capacity: 8M
 Heap Initial Capacity: 252M
 Heap Max Capacity: 4028M
 Pre-touch: Disabled
 Parallel Workers: 8
 Concurrent Workers: 2
 Concurrent Refinement Workers: 8
 Periodic GC: Disabled
Heap:
 garbage-first heap   total 69632K, used 48903K [0x0000000704400000, 0x0000000800000000)
  region size 2048K, 11 young (22528K), 1 survivors (2048K)
 Metaspace       used 77747K, committed 78208K, reserved 1122304K
  class space    used 9772K, committed 9984K, reserved 1048576K
GC Heap History (20 events):
Event: 104.147 GC heap before
{Heap before GC invocations=36 (full 0):
 garbage-first heap   total 69632K, used 56998K [0x0000000704400000, 0x0000000800000000)
  region size 2048K, 14 young (28672K), 1 survivors (2048K)
 Metaspace       used 77740K, committed 78208K, reserved 1122304K
  class space    used 9769K, committed 9984K, reserved 1048576K
}
Event: 104.150 GC heap after
{Heap after GC invocations=37 (full 0):
 garbage-first heap   total 69632K, used 30394K [0x0000000704400000, 0x0000000800000000)
  region size 2048K, 1 young (2048K), 1 survivors (2048K)
 Metaspace       used 77740K, committed 78208K, reserved 1122304K
  class space    used 9769K, committed 9984K, reserved 1048576K
}
Event: 105.615 GC heap before
{Heap before GC invocations=37 (full 0):
 garbage-first heap   total 69632K, used 57018K [0x0000000704400000, 0x0000000800000000)
  region size 2048K, 14 young (28672K), 1 survivors (2048K)
 Metaspace       used 77740K, committed 78208K, reserved 1122304K
  class space    used 9769K, committed 9984K, reserved 1048576K
}
Event: 105.618 GC heap after
{Heap after GC invocations=38 (full 0):
 garbage-first heap   total 69632K, used 30382K [0x0000000704400000, 0x0000000800000000)
  region size 2048K, 1 young (2048K), 1 survivors (2048K)
 Metaspace       used 77740K, committed 78208K, reserved 1122304K
  class space    used 9769K, committed 9984K, reserved 1048576K
}
Event: 106.801 GC heap before
{Heap before GC invocations=38 (full 0):
 garbage-first heap   total 69632K, used 57006K [0x0000000704400000, 0x0000000800000000)
  region size 2048K, 14 young (28672K), 1 survivors (2048K)
 Metaspace       used 77742K, committed 78208K, reserved 1122304K
  class space    used 9770K, committed 9984K, reserved 1048576K
}
Event: 106.803 GC heap after
{Heap after GC invocations=39 (full 0):
 garbage-first heap   total 69632K, used 30442K [0x0000000704400000, 0x0000000800000000)
  region size 2048K, 1 young (2048K), 1 survivors (2048K)
 Metaspace       used 77742K, committed 78208K, reserved 1122304K
  class space    used 9770K, committed 9984K, reserved 1048576K
}
Event: 107.728 GC heap before
{Heap before GC invocations=39 (full 0):
 garbage-first heap   total 69632K, used 55018K [0x0000000704400000, 0x0000000800000000)
  region size 2048K, 13 young (26624K), 1 survivors (2048K)
 Metaspace       used 77742K, committed 78208K, reserved 1122304K
  class space    used 9770K, committed 9984K, reserved 1048576K
}
Event: 107.730 GC heap after
{Heap after GC invocations=40 (full 0):
 garbage-first heap   total 69632K, used 30433K [0x0000000704400000, 0x0000000800000000)
  region size 2048K, 1 young (2048K), 1 survivors (2048K)
 Metaspace       used 77742K, committed 78208K, reserved 1122304K
  class space    used 9770K, committed 9984K, reserved 1048576K
}
Event: 108.637 GC heap before
{Heap before GC invocations=41 (full 0):
 garbage-first heap   total 69632K, used 55009K [0x0000000704400000, 0x0000000800000000)
  region size 2048K, 13 young (26624K), 1 survivors (2048K)
 Metaspace       used 77742K, committed 78208K, reserved 1122304K
  class space    used 9770K, committed 9984K, reserved 1048576K
}
Event: 108.638 GC heap after
{Heap after GC invocations=42 (full 0):
 garbage-first heap   total 69632K, used 30416K [0x0000000704400000, 0x0000000800000000)
  region size 2048K, 1 young (2048K), 1 survivors (2048K)
 Metaspace       used 77742K, committed 78208K, reserved 1122304K
  class space    used 9770K, committed 9984K, reserved 1048576K
}
Event: 109.531 GC heap before
{Heap before GC invocations=42 (full 0):
 garbage-first heap   total 69632K, used 54992K [0x0000000704400000, 0x0000000800000000)
  region size 2048K, 13 young (26624K), 1 survivors (2048K)
 Metaspace       used 77744K, committed 78208K, reserved 1122304K
  class space    used 9771K, committed 9984K, reserved 1048576K
}
Event: 109.532 GC heap after
{Heap after GC invocations=43 (full 0):
 garbage-first heap   total 69632K, used 30404K [0x0000000704400000, 0x0000000800000000)
  region size 2048K, 1 young (2048K), 1 survivors (2048K)
 Metaspace       used 77744K, committed 78208K, reserved 1122304K
  class space    used 9771K, committed 9984K, reserved 1048576K
}
Event: 110.311 GC heap before
{Heap before GC invocations=44 (full 0):
 garbage-first heap   total 69632K, used 54980K [0x0000000704400000, 0x0000000800000000)
  region size 2048K, 13 young (26624K), 1 survivors (2048K)
 Metaspace       used 77745K, committed 78208K, reserved 1122304K
  class space    used 9772K, committed 9984K, reserved 1048576K
}
Event: 110.312 GC heap after
{Heap after GC invocations=45 (full 0):
 garbage-first heap   total 69632K, used 30446K [0x0000000704400000, 0x0000000800000000)
  region size 2048K, 1 young (2048K), 1 survivors (2048K)
 Metaspace       used 77745K, committed 78208K, reserved 1122304K
  class space    used 9772K, committed 9984K, reserved 1048576K
}
Event: 201.369 GC heap before
{Heap before GC invocations=45 (full 0):
 garbage-first heap   total 69632K, used 55022K [0x0000000704400000, 0x0000000800000000)
  region size 2048K, 13 young (26624K), 1 survivors (2048K)
 Metaspace       used 77747K, committed 78208K, reserved 1122304K
  class space    used 9772K, committed 9984K, reserved 1048576K
}
Event: 201.370 GC heap after
{Heap after GC invocations=46 (full 0):
 garbage-first heap   total 69632K, used 30456K [0x0000000704400000, 0x0000000800000000)
  region size 2048K, 1 young (2048K), 1 survivors (2048K)
 Metaspace       used 77747K, committed 78208K, reserved 1122304K
  class space    used 9772K, committed 9984K, reserved 1048576K
}
Event: 201.746 GC heap before
{Heap before GC invocations=47 (full 0):
 garbage-first heap   total 69632K, used 55032K [0x0000000704400000, 0x0000000800000000)
  region size 2048K, 13 young (26624K), 1 survivors (2048K)
 Metaspace       used 77747K, committed 78208K, reserved 1122304K
  class space    used 9772K, committed 9984K, reserved 1048576K
}
Event: 201.747 GC heap after
{Heap after GC invocations=48 (full 0):
 garbage-first heap   total 69632K, used 30460K [0x0000000704400000, 0x0000000800000000)
  region size 2048K, 1 young (2048K), 1 survivors (2048K)
 Metaspace       used 77747K, committed 78208K, reserved 1122304K
  class space    used 9772K, committed 9984K, reserved 1048576K
}
Event: 202.120 GC heap before
{Heap before GC invocations=48 (full 0):
 garbage-first heap   total 69632K, used 55036K [0x0000000704400000, 0x0000000800000000)
  region size 2048K, 13 young (26624K), 1 survivors (2048K)
 Metaspace       used 77747K, committed 78208K, reserved 1122304K
  class space    used 9772K, committed 9984K, reserved 1048576K
}
Event: 202.121 GC heap after
{Heap after GC invocations=49 (full 0):
 garbage-first heap   total 69632K, used 30471K [0x0000000704400000, 0x0000000800000000)
  region size 2048K, 1 young (2048K), 1 survivors (2048K)
 Metaspace       used 77747K, committed 78208K, reserved 1122304K
  class space    used 9772K, committed 9984K, reserved 1048576K
}

