# JRE version: OpenJDK Runtime Environment Temurin-17.0.3+7 (17.0.3+7) (build 17.0.3+7)
# Java VM: OpenJDK 64-Bit Server VM Temurin-17.0.3+7 (17.0.3+7, mixed mode, emulated-client, tiered, compressed oops, compressed class ptrs, g1 gc, windows-amd64)
GC Precious Log:
 CPUs: 8 total, 8 available
 Memory: 16110M
 Large Page Support: Disabled
 NUMA Support: Disabled
 Compressed Oops: Enabled (Zero based)
 Heap Region Size: 2M
 Heap Min Capacity: 8M
 Heap Initial Capacity: 252M
 Heap Max Capacity: 4028M
 Pre-touch: Disabled
 Parallel Workers: 8
 Concurrent Workers: 2
 Concurrent Refinement Workers: 8
 Periodic GC: Disabled
Heap:
 garbage-first heap   total 307200K, used 88858K [0x0000000704400000, 0x0000000800000000)
  region size 2048K, 8 young (16384K), 8 survivors (16384K)
 Metaspace       used 35091K, committed 35392K, reserved 1081344K
  class space    used 4559K, committed 4736K, reserved 1048576K
GC Heap History (20 events):
Event: 13.015 GC heap after
{Heap after GC invocations=9 (full 0):
 garbage-first heap   total 49152K, used 19018K [0x0000000704400000, 0x0000000800000000)
  region size 2048K, 2 young (4096K), 2 survivors (4096K)
 Metaspace       used 32008K, committed 32256K, reserved 1081344K
  class space    used 4038K, committed 4160K, reserved 1048576K
}
Event: 13.062 GC heap before
{Heap before GC invocations=9 (full 0):
 garbage-first heap   total 49152K, used 31306K [0x0000000704400000, 0x0000000800000000)
  region size 2048K, 9 young (18432K), 2 survivors (4096K)
 Metaspace       used 32164K, committed 32448K, reserved 1081344K
  class space    used 4064K, committed 4160K, reserved 1048576K
}
Event: 13.073 GC heap after
{Heap after GC invocations=10 (full 0):
 garbage-first heap   total 49152K, used 21855K [0x0000000704400000, 0x0000000800000000)
  region size 2048K, 2 young (4096K), 2 survivors (4096K)
 Metaspace       used 32164K, committed 32448K, reserved 1081344K
  class space    used 4064K, committed 4160K, reserved 1048576K
}
Event: 13.107 GC heap before
{Heap before GC invocations=10 (full 0):
 garbage-first heap   total 49152K, used 30047K [0x0000000704400000, 0x0000000800000000)
  region size 2048K, 7 young (14336K), 2 survivors (4096K)
 Metaspace       used 32220K, committed 32448K, reserved 1081344K
  class space    used 4075K, committed 4160K, reserved 1048576K
}
Event: 13.111 GC heap after
{Heap after GC invocations=11 (full 0):
 garbage-first heap   total 153600K, used 24067K [0x0000000704400000, 0x0000000800000000)
  region size 2048K, 1 young (2048K), 1 survivors (2048K)
 Metaspace       used 32220K, committed 32448K, reserved 1081344K
  class space    used 4075K, committed 4160K, reserved 1048576K
}
Event: 13.359 GC heap before
{Heap before GC invocations=11 (full 0):
 garbage-first heap   total 153600K, used 103939K [0x0000000704400000, 0x0000000800000000)
  region size 2048K, 40 young (81920K), 1 survivors (2048K)
 Metaspace       used 33432K, committed 33728K, reserved 1081344K
  class space    used 4253K, committed 4416K, reserved 1048576K
}
Event: 13.373 GC heap after
{Heap after GC invocations=12 (full 0):
 garbage-first heap   total 153600K, used 40339K [0x0000000704400000, 0x0000000800000000)
  region size 2048K, 5 young (10240K), 5 survivors (10240K)
 Metaspace       used 33432K, committed 33728K, reserved 1081344K
  class space    used 4253K, committed 4416K, reserved 1048576K
}
Event: 13.978 GC heap before
{Heap before GC invocations=12 (full 0):
 garbage-first heap   total 153600K, used 93587K [0x0000000704400000, 0x0000000800000000)
  region size 2048K, 32 young (65536K), 5 survivors (10240K)
 Metaspace       used 34978K, committed 35264K, reserved 1081344K
  class space    used 4543K, committed 4672K, reserved 1048576K
}
Event: 13.998 GC heap after
{Heap after GC invocations=13 (full 0):
 garbage-first heap   total 153600K, used 56925K [0x0000000704400000, 0x0000000800000000)
  region size 2048K, 4 young (8192K), 4 survivors (8192K)
 Metaspace       used 34978K, committed 35264K, reserved 1081344K
  class space    used 4543K, committed 4672K, reserved 1048576K
}
Event: 14.020 GC heap before
{Heap before GC invocations=13 (full 0):
 garbage-first heap   total 153600K, used 97885K [0x0000000704400000, 0x0000000800000000)
  region size 2048K, 25 young (51200K), 4 survivors (8192K)
 Metaspace       used 35011K, committed 35264K, reserved 1081344K
  class space    used 4552K, committed 4672K, reserved 1048576K
}
Event: 14.028 GC heap after
{Heap after GC invocations=14 (full 0):
 garbage-first heap   total 153600K, used 61063K [0x0000000704400000, 0x0000000800000000)
  region size 2048K, 2 young (4096K), 2 survivors (4096K)
 Metaspace       used 35011K, committed 35264K, reserved 1081344K
  class space    used 4552K, committed 4672K, reserved 1048576K
}
Event: 14.042 GC heap before
{Heap before GC invocations=14 (full 0):
 garbage-first heap   total 153600K, used 104071K [0x0000000704400000, 0x0000000800000000)
  region size 2048K, 24 young (49152K), 2 survivors (4096K)
 Metaspace       used 35091K, committed 35392K, reserved 1081344K
  class space    used 4558K, committed 4736K, reserved 1048576K
}
Event: 14.045 GC heap after
{Heap after GC invocations=15 (full 0):
 garbage-first heap   total 307200K, used 61941K [0x0000000704400000, 0x0000000800000000)
  region size 2048K, 2 young (4096K), 2 survivors (4096K)
 Metaspace       used 35091K, committed 35392K, reserved 1081344K
  class space    used 4558K, committed 4736K, reserved 1048576K
}
Event: 14.117 GC heap before
{Heap before GC invocations=15 (full 0):
 garbage-first heap   total 307200K, used 211445K [0x0000000704400000, 0x0000000800000000)
  region size 2048K, 76 young (155648K), 2 survivors (4096K)
 Metaspace       used 35091K, committed 35392K, reserved 1081344K
  class space    used 4558K, committed 4736K, reserved 1048576K
}
Event: 14.122 GC heap after
{Heap after GC invocations=16 (full 0):
 garbage-first heap   total 307200K, used 67752K [0x0000000704400000, 0x0000000800000000)
  region size 2048K, 5 young (10240K), 5 survivors (10240K)
 Metaspace       used 35091K, committed 35392K, reserved 1081344K
  class space    used 4558K, committed 4736K, reserved 1048576K
}
Event: 14.171 GC heap before
{Heap before GC invocations=16 (full 0):
 garbage-first heap   total 307200K, used 229544K [0x0000000704400000, 0x0000000800000000)
  region size 2048K, 85 young (174080K), 5 survivors (10240K)
 Metaspace       used 35091K, committed 35392K, reserved 1081344K
  class space    used 4558K, committed 4736K, reserved 1048576K
}
Event: 14.178 GC heap after
{Heap after GC invocations=17 (full 0):
 garbage-first heap   total 307200K, used 74676K [0x0000000704400000, 0x0000000800000000)
  region size 2048K, 9 young (18432K), 9 survivors (18432K)
 Metaspace       used 35091K, committed 35392K, reserved 1081344K
  class space    used 4558K, committed 4736K, reserved 1048576K
}
Event: 14.233 GC heap before
{Heap before GC invocations=17 (full 0):
 garbage-first heap   total 307200K, used 234420K [0x0000000704400000, 0x0000000800000000)
  region size 2048K, 88 young (180224K), 9 survivors (18432K)
 Metaspace       used 35091K, committed 35392K, reserved 1081344K
  class space    used 4559K, committed 4736K, reserved 1048576K
}
Event: 14.244 GC heap after
{Heap after GC invocations=18 (full 0):
 garbage-first heap   total 307200K, used 81009K [0x0000000704400000, 0x0000000800000000)
  region size 2048K, 7 young (14336K), 7 survivors (14336K)
 Metaspace       used 35091K, committed 35392K, reserved 1081344K
  class space    used 4559K, committed 4736K, reserved 1048576K
}
Event: 14.306 GC heap before
{Heap before GC invocations=18 (full 0):
 garbage-first heap   total 307200K, used 242801K [0x0000000704400000, 0x0000000800000000)
  region size 2048K, 87 young (178176K), 7 survivors (14336K)
 Metaspace       used 35091K, committed 35392K, reserved 1081344K
  class space    used 4559K, committed 4736K, reserved 1048576K
}

