# JRE version: OpenJDK Runtime Environment Temurin-17.0.3+7 (17.0.3+7) (build 17.0.3+7)
# Java VM: OpenJDK 64-Bit Server VM Temurin-17.0.3+7 (17.0.3+7, mixed mode, emulated-client, tiered, compressed oops, compressed class ptrs, g1 gc, windows-amd64)
GC Precious Log:
 CPUs: 8 total, 8 available
 Memory: 16110M
 Large Page Support: Disabled
 NUMA Support: Disabled
 Compressed Oops: Enabled (Zero based)
 Heap Region Size: 2M
 Heap Min Capacity: 8M
 Heap Initial Capacity: 252M
 Heap Max Capacity: 4028M
 Pre-touch: Disabled
 Parallel Workers: 8
 Concurrent Workers: 2
 Concurrent Refinement Workers: 8
 Periodic GC: Disabled
Heap:
 garbage-first heap   total 131072K, used 36050K [0x0000000704400000, 0x0000000800000000)
  region size 2048K, 1 young (2048K), 0 survivors (0K)
 Metaspace       used 51788K, committed 52288K, reserved 1097728K
  class space    used 6840K, committed 7104K, reserved 1048576K
GC Heap History (20 events):
Event: 24862.608 GC heap before
{Heap before GC invocations=1517 (full 1484):
 garbage-first heap   total 131072K, used 36050K [0x0000000704400000, 0x0000000800000000)
  region size 2048K, 1 young (2048K), 0 survivors (0K)
 Metaspace       used 51788K, committed 52288K, reserved 1097728K
  class space    used 6840K, committed 7104K, reserved 1048576K
}
Event: 24862.635 GC heap after
{Heap after GC invocations=1518 (full 1485):
 garbage-first heap   total 131072K, used 36050K [0x0000000704400000, 0x0000000800000000)
  region size 2048K, 0 young (0K), 0 survivors (0K)
 Metaspace       used 51788K, committed 52288K, reserved 1097728K
  class space    used 6840K, committed 7104K, reserved 1048576K
}
Event: 24872.837 GC heap before
{Heap before GC invocations=1518 (full 1485):
 garbage-first heap   total 131072K, used 36050K [0x0000000704400000, 0x0000000800000000)
  region size 2048K, 1 young (2048K), 0 survivors (0K)
 Metaspace       used 51788K, committed 52288K, reserved 1097728K
  class space    used 6840K, committed 7104K, reserved 1048576K
}
Event: 24872.863 GC heap after
{Heap after GC invocations=1519 (full 1486):
 garbage-first heap   total 131072K, used 36050K [0x0000000704400000, 0x0000000800000000)
  region size 2048K, 0 young (0K), 0 survivors (0K)
 Metaspace       used 51788K, committed 52288K, reserved 1097728K
  class space    used 6840K, committed 7104K, reserved 1048576K
}
Event: 24883.082 GC heap before
{Heap before GC invocations=1519 (full 1486):
 garbage-first heap   total 131072K, used 36050K [0x0000000704400000, 0x0000000800000000)
  region size 2048K, 1 young (2048K), 0 survivors (0K)
 Metaspace       used 51788K, committed 52288K, reserved 1097728K
  class space    used 6840K, committed 7104K, reserved 1048576K
}
Event: 24883.112 GC heap after
{Heap after GC invocations=1520 (full 1487):
 garbage-first heap   total 131072K, used 36050K [0x0000000704400000, 0x0000000800000000)
  region size 2048K, 0 young (0K), 0 survivors (0K)
 Metaspace       used 51788K, committed 52288K, reserved 1097728K
  class space    used 6840K, committed 7104K, reserved 1048576K
}
Event: 24893.391 GC heap before
{Heap before GC invocations=1520 (full 1487):
 garbage-first heap   total 131072K, used 36050K [0x0000000704400000, 0x0000000800000000)
  region size 2048K, 1 young (2048K), 0 survivors (0K)
 Metaspace       used 51788K, committed 52288K, reserved 1097728K
  class space    used 6840K, committed 7104K, reserved 1048576K
}
Event: 24893.423 GC heap after
{Heap after GC invocations=1521 (full 1488):
 garbage-first heap   total 131072K, used 36050K [0x0000000704400000, 0x0000000800000000)
  region size 2048K, 0 young (0K), 0 survivors (0K)
 Metaspace       used 51788K, committed 52288K, reserved 1097728K
  class space    used 6840K, committed 7104K, reserved 1048576K
}
Event: 24903.595 GC heap before
{Heap before GC invocations=1521 (full 1488):
 garbage-first heap   total 131072K, used 36050K [0x0000000704400000, 0x0000000800000000)
  region size 2048K, 1 young (2048K), 0 survivors (0K)
 Metaspace       used 51788K, committed 52288K, reserved 1097728K
  class space    used 6840K, committed 7104K, reserved 1048576K
}
Event: 24903.621 GC heap after
{Heap after GC invocations=1522 (full 1489):
 garbage-first heap   total 131072K, used 36050K [0x0000000704400000, 0x0000000800000000)
  region size 2048K, 0 young (0K), 0 survivors (0K)
 Metaspace       used 51788K, committed 52288K, reserved 1097728K
  class space    used 6840K, committed 7104K, reserved 1048576K
}
Event: 24913.844 GC heap before
{Heap before GC invocations=1522 (full 1489):
 garbage-first heap   total 131072K, used 36050K [0x0000000704400000, 0x0000000800000000)
  region size 2048K, 1 young (2048K), 0 survivors (0K)
 Metaspace       used 51788K, committed 52288K, reserved 1097728K
  class space    used 6840K, committed 7104K, reserved 1048576K
}
Event: 24913.877 GC heap after
{Heap after GC invocations=1523 (full 1490):
 garbage-first heap   total 131072K, used 36050K [0x0000000704400000, 0x0000000800000000)
  region size 2048K, 0 young (0K), 0 survivors (0K)
 Metaspace       used 51788K, committed 52288K, reserved 1097728K
  class space    used 6840K, committed 7104K, reserved 1048576K
}
Event: 24924.285 GC heap before
{Heap before GC invocations=1523 (full 1490):
 garbage-first heap   total 131072K, used 36050K [0x0000000704400000, 0x0000000800000000)
  region size 2048K, 1 young (2048K), 0 survivors (0K)
 Metaspace       used 51788K, committed 52288K, reserved 1097728K
  class space    used 6840K, committed 7104K, reserved 1048576K
}
Event: 24924.320 GC heap after
{Heap after GC invocations=1524 (full 1491):
 garbage-first heap   total 131072K, used 36050K [0x0000000704400000, 0x0000000800000000)
  region size 2048K, 0 young (0K), 0 survivors (0K)
 Metaspace       used 51788K, committed 52288K, reserved 1097728K
  class space    used 6840K, committed 7104K, reserved 1048576K
}
Event: 24934.524 GC heap before
{Heap before GC invocations=1524 (full 1491):
 garbage-first heap   total 131072K, used 36050K [0x0000000704400000, 0x0000000800000000)
  region size 2048K, 1 young (2048K), 0 survivors (0K)
 Metaspace       used 51788K, committed 52288K, reserved 1097728K
  class space    used 6840K, committed 7104K, reserved 1048576K
}
Event: 24934.553 GC heap after
{Heap after GC invocations=1525 (full 1492):
 garbage-first heap   total 131072K, used 36050K [0x0000000704400000, 0x0000000800000000)
  region size 2048K, 0 young (0K), 0 survivors (0K)
 Metaspace       used 51788K, committed 52288K, reserved 1097728K
  class space    used 6840K, committed 7104K, reserved 1048576K
}
Event: 24944.785 GC heap before
{Heap before GC invocations=1525 (full 1492):
 garbage-first heap   total 131072K, used 36050K [0x0000000704400000, 0x0000000800000000)
  region size 2048K, 1 young (2048K), 0 survivors (0K)
 Metaspace       used 51788K, committed 52288K, reserved 1097728K
  class space    used 6840K, committed 7104K, reserved 1048576K
}
Event: 24944.817 GC heap after
{Heap after GC invocations=1526 (full 1493):
 garbage-first heap   total 131072K, used 36050K [0x0000000704400000, 0x0000000800000000)
  region size 2048K, 0 young (0K), 0 survivors (0K)
 Metaspace       used 51788K, committed 52288K, reserved 1097728K
  class space    used 6840K, committed 7104K, reserved 1048576K
}
Event: 24955.037 GC heap before
{Heap before GC invocations=1526 (full 1493):
 garbage-first heap   total 131072K, used 36050K [0x0000000704400000, 0x0000000800000000)
  region size 2048K, 1 young (2048K), 0 survivors (0K)
 Metaspace       used 51788K, committed 52288K, reserved 1097728K
  class space    used 6840K, committed 7104K, reserved 1048576K
}
Event: 24955.069 GC heap after
{Heap after GC invocations=1527 (full 1494):
 garbage-first heap   total 131072K, used 36050K [0x0000000704400000, 0x0000000800000000)
  region size 2048K, 0 young (0K), 0 survivors (0K)
 Metaspace       used 51788K, committed 52288K, reserved 1097728K
  class space    used 6840K, committed 7104K, reserved 1048576K
}

