# JRE version: OpenJDK Runtime Environment Temurin-17.0.3+7 (17.0.3+7) (build 17.0.3+7)
# Java VM: OpenJDK 64-Bit Server VM Temurin-17.0.3+7 (17.0.3+7, mixed mode, emulated-client, tiered, compressed oops, compressed class ptrs, g1 gc, windows-amd64)
GC Precious Log:
 CPUs: 8 total, 8 available
 Memory: 16110M
 Large Page Support: Disabled
 NUMA Support: Disabled
 Compressed Oops: Enabled (Zero based)
 Heap Region Size: 2M
 Heap Min Capacity: 8M
 Heap Initial Capacity: 252M
 Heap Max Capacity: 4028M
 Pre-touch: Disabled
 Parallel Workers: 8
 Concurrent Workers: 2
 Concurrent Refinement Workers: 8
 Periodic GC: Disabled
Heap:
 garbage-first heap   total 258048K, used 78809K [0x0000000704400000, 0x0000000800000000)
  region size 2048K, 5 young (10240K), 5 survivors (10240K)
 Metaspace       used 35093K, committed 35392K, reserved 1081344K
  class space    used 4556K, committed 4736K, reserved 1048576K
GC Heap History (20 events):
Event: 1.703 GC heap after
{Heap after GC invocations=6 (full 0):
 garbage-first heap   total 49152K, used 12762K [0x0000000704400000, 0x0000000800000000)
  region size 2048K, 1 young (2048K), 1 survivors (2048K)
 Metaspace       used 25259K, committed 25472K, reserved 1073152K
  class space    used 3103K, committed 3200K, reserved 1048576K
}
Event: 1.989 GC heap before
{Heap before GC invocations=6 (full 0):
 garbage-first heap   total 49152K, used 27098K [0x0000000704400000, 0x0000000800000000)
  region size 2048K, 9 young (18432K), 1 survivors (2048K)
 Metaspace       used 27585K, committed 27840K, reserved 1073152K
  class space    used 3452K, committed 3584K, reserved 1048576K
}
Event: 1.996 GC heap after
{Heap after GC invocations=7 (full 0):
 garbage-first heap   total 49152K, used 14618K [0x0000000704400000, 0x0000000800000000)
  region size 2048K, 2 young (4096K), 2 survivors (4096K)
 Metaspace       used 27585K, committed 27840K, reserved 1073152K
  class space    used 3452K, committed 3584K, reserved 1048576K
}
Event: 2.326 GC heap before
{Heap before GC invocations=7 (full 0):
 garbage-first heap   total 49152K, used 31002K [0x0000000704400000, 0x0000000800000000)
  region size 2048K, 10 young (20480K), 2 survivors (4096K)
 Metaspace       used 31305K, committed 31552K, reserved 1081344K
  class space    used 3947K, committed 4096K, reserved 1048576K
}
Event: 2.333 GC heap after
{Heap after GC invocations=8 (full 0):
 garbage-first heap   total 153600K, used 15659K [0x0000000704400000, 0x0000000800000000)
  region size 2048K, 1 young (2048K), 1 survivors (2048K)
 Metaspace       used 31305K, committed 31552K, reserved 1081344K
  class space    used 3947K, committed 4096K, reserved 1048576K
}
Event: 2.796 GC heap before
{Heap before GC invocations=8 (full 0):
 garbage-first heap   total 153600K, used 103723K [0x0000000704400000, 0x0000000800000000)
  region size 2048K, 45 young (92160K), 1 survivors (2048K)
 Metaspace       used 34085K, committed 34368K, reserved 1081344K
  class space    used 4355K, committed 4480K, reserved 1048576K
}
Event: 2.807 GC heap after
{Heap after GC invocations=9 (full 0):
 garbage-first heap   total 153600K, used 30477K [0x0000000704400000, 0x0000000800000000)
  region size 2048K, 6 young (12288K), 6 survivors (12288K)
 Metaspace       used 34085K, committed 34368K, reserved 1081344K
  class space    used 4355K, committed 4480K, reserved 1048576K
}
Event: 3.165 GC heap before
{Heap before GC invocations=9 (full 0):
 garbage-first heap   total 153600K, used 89869K [0x0000000704400000, 0x0000000800000000)
  region size 2048K, 36 young (73728K), 6 survivors (12288K)
 Metaspace       used 34883K, committed 35200K, reserved 1081344K
  class space    used 4530K, committed 4672K, reserved 1048576K
}
Event: 3.177 GC heap after
{Heap after GC invocations=10 (full 0):
 garbage-first heap   total 153600K, used 43986K [0x0000000704400000, 0x0000000800000000)
  region size 2048K, 5 young (10240K), 5 survivors (10240K)
 Metaspace       used 34883K, committed 35200K, reserved 1081344K
  class space    used 4530K, committed 4672K, reserved 1048576K
}
Event: 3.380 GC heap before
{Heap before GC invocations=10 (full 0):
 garbage-first heap   total 153600K, used 97234K [0x0000000704400000, 0x0000000800000000)
  region size 2048K, 32 young (65536K), 5 survivors (10240K)
 Metaspace       used 34986K, committed 35264K, reserved 1081344K
  class space    used 4541K, committed 4672K, reserved 1048576K
}
Event: 3.404 GC heap after
{Heap after GC invocations=11 (full 0):
 garbage-first heap   total 153600K, used 58258K [0x0000000704400000, 0x0000000800000000)
  region size 2048K, 4 young (8192K), 4 survivors (8192K)
 Metaspace       used 34986K, committed 35264K, reserved 1081344K
  class space    used 4541K, committed 4672K, reserved 1048576K
}
Event: 3.419 GC heap before
{Heap before GC invocations=11 (full 0):
 garbage-first heap   total 153600K, used 101266K [0x0000000704400000, 0x0000000800000000)
  region size 2048K, 26 young (53248K), 4 survivors (8192K)
 Metaspace       used 34999K, committed 35264K, reserved 1081344K
  class space    used 4543K, committed 4672K, reserved 1048576K
}
Event: 3.424 GC heap after
{Heap after GC invocations=12 (full 0):
 garbage-first heap   total 225280K, used 62952K [0x0000000704400000, 0x0000000800000000)
  region size 2048K, 2 young (4096K), 2 survivors (4096K)
 Metaspace       used 34999K, committed 35264K, reserved 1081344K
  class space    used 4543K, committed 4672K, reserved 1048576K
}
Event: 3.461 GC heap before
{Heap before GC invocations=12 (full 0):
 garbage-first heap   total 225280K, used 159208K [0x0000000704400000, 0x0000000800000000)
  region size 2048K, 50 young (102400K), 2 survivors (4096K)
 Metaspace       used 35087K, committed 35328K, reserved 1081344K
  class space    used 4554K, committed 4672K, reserved 1048576K
}
Event: 3.464 GC heap after
{Heap after GC invocations=13 (full 0):
 garbage-first heap   total 225280K, used 66187K [0x0000000704400000, 0x0000000800000000)
  region size 2048K, 3 young (6144K), 3 survivors (6144K)
 Metaspace       used 35087K, committed 35328K, reserved 1081344K
  class space    used 4554K, committed 4672K, reserved 1048576K
}
Event: 3.487 GC heap before
{Heap before GC invocations=13 (full 0):
 garbage-first heap   total 225280K, used 166539K [0x0000000704400000, 0x0000000800000000)
  region size 2048K, 53 young (108544K), 3 survivors (6144K)
 Metaspace       used 35092K, committed 35328K, reserved 1081344K
  class space    used 4555K, committed 4672K, reserved 1048576K
}
Event: 3.492 GC heap after
{Heap after GC invocations=14 (full 0):
 garbage-first heap   total 225280K, used 70074K [0x0000000704400000, 0x0000000800000000)
  region size 2048K, 5 young (10240K), 5 survivors (10240K)
 Metaspace       used 35092K, committed 35328K, reserved 1081344K
  class space    used 4555K, committed 4672K, reserved 1048576K
}
Event: 3.517 GC heap before
{Heap before GC invocations=14 (full 0):
 garbage-first heap   total 225280K, used 170426K [0x0000000704400000, 0x0000000800000000)
  region size 2048K, 55 young (112640K), 5 survivors (10240K)
 Metaspace       used 35092K, committed 35328K, reserved 1081344K
  class space    used 4555K, committed 4672K, reserved 1048576K
}
Event: 3.522 GC heap after
{Heap after GC invocations=15 (full 0):
 garbage-first heap   total 225280K, used 74569K [0x0000000704400000, 0x0000000800000000)
  region size 2048K, 5 young (10240K), 5 survivors (10240K)
 Metaspace       used 35092K, committed 35328K, reserved 1081344K
  class space    used 4555K, committed 4672K, reserved 1048576K
}
Event: 3.546 GC heap before
{Heap before GC invocations=15 (full 0):
 garbage-first heap   total 225280K, used 172873K [0x0000000704400000, 0x0000000800000000)
  region size 2048K, 55 young (112640K), 5 survivors (10240K)
 Metaspace       used 35093K, committed 35392K, reserved 1081344K
  class space    used 4556K, committed 4736K, reserved 1048576K
}

